mode: set
github.com/rodrwan/collection/domain/song/song.go:22.75,23.16 1 1
github.com/rodrwan/collection/domain/song/song.go:26.2,30.8 1 1
github.com/rodrwan/collection/domain/song/song.go:23.16,25.3 1 1
github.com/rodrwan/collection/domain/song/song.go:33.95,34.16 1 1
github.com/rodrwan/collection/domain/song/song.go:38.2,43.8 1 1
github.com/rodrwan/collection/domain/song/song.go:34.16,36.3 1 1
github.com/rodrwan/collection/domain/song/song.go:46.33,48.2 1 1
github.com/rodrwan/collection/domain/song/song.go:50.32,52.2 1 1
github.com/rodrwan/collection/domain/song/song.go:54.33,56.2 1 1
github.com/rodrwan/collection/domain/song/song.go:58.39,60.2 1 1
github.com/rodrwan/collection/domain/song/song.go:62.36,64.2 1 1
github.com/rodrwan/collection/domain/song/song.go:66.37,68.2 1 1
github.com/rodrwan/collection/domain/song/song.go:70.40,72.2 1 1
github.com/rodrwan/collection/domain/song/song.go:74.48,76.2 1 1
github.com/rodrwan/collection/domain/record/record.go:29.42,35.2 1 1
github.com/rodrwan/collection/domain/record/record.go:37.44,45.2 5 1
github.com/rodrwan/collection/domain/record/record.go:47.53,50.28 2 1
github.com/rodrwan/collection/domain/record/record.go:53.2,53.11 1 1
github.com/rodrwan/collection/domain/record/record.go:50.28,52.3 1 1
github.com/rodrwan/collection/domain/record/record.go:56.51,57.16 1 1
github.com/rodrwan/collection/domain/record/record.go:61.2,66.8 1 1
github.com/rodrwan/collection/domain/record/record.go:57.16,59.3 1 1
github.com/rodrwan/collection/domain/record/record.go:69.71,70.16 1 1
github.com/rodrwan/collection/domain/record/record.go:74.2,79.8 1 1
github.com/rodrwan/collection/domain/record/record.go:70.16,72.3 1 1
github.com/rodrwan/collection/domain/record/record.go:82.49,86.2 2 1
github.com/rodrwan/collection/domain/record/record.go:88.38,90.2 1 1
github.com/rodrwan/collection/domain/record/record.go:92.39,94.2 1 1
github.com/rodrwan/collection/domain/record/record.go:96.39,98.2 1 1
github.com/rodrwan/collection/domain/record/record.go:100.35,102.2 1 1
github.com/rodrwan/collection/domain/record/record.go:104.34,106.2 1 1
github.com/rodrwan/collection/domain/record/record.go:108.34,110.2 1 1
github.com/rodrwan/collection/domain/record/record.go:112.41,114.2 1 1
github.com/rodrwan/collection/domain/song/memory/memory.go:25.42,32.2 1 1
github.com/rodrwan/collection/domain/song/memory/memory.go:34.41,43.2 6 1
github.com/rodrwan/collection/domain/song/memory/memory.go:46.58,50.2 1 1
github.com/rodrwan/collection/domain/song/memory/memory.go:52.66,56.29 3 1
github.com/rodrwan/collection/domain/song/memory/memory.go:64.2,64.42 1 1
github.com/rodrwan/collection/domain/song/memory/memory.go:56.29,58.17 2 1
github.com/rodrwan/collection/domain/song/memory/memory.go:58.17,60.4 1 1
github.com/rodrwan/collection/domain/song/memory/memory.go:67.52,75.2 5 1
github.com/rodrwan/collection/domain/song/memory/memory.go:77.64,82.29 4 1
github.com/rodrwan/collection/domain/song/memory/memory.go:86.2,86.16 1 1
github.com/rodrwan/collection/domain/song/memory/memory.go:82.29,84.3 1 1
github.com/rodrwan/collection/domain/song/memory/memory.go:89.56,92.23 3 0
github.com/rodrwan/collection/domain/song/memory/memory.go:95.82,100.29 4 1
github.com/rodrwan/collection/domain/song/memory/memory.go:106.2,106.16 1 1
github.com/rodrwan/collection/domain/song/memory/memory.go:100.29,101.23 1 1
github.com/rodrwan/collection/domain/song/memory/memory.go:101.23,103.4 1 1
github.com/rodrwan/collection/domain/record/memory/memory.go:25.50,31.2 1 1
github.com/rodrwan/collection/domain/record/memory/memory.go:33.49,41.2 5 1
github.com/rodrwan/collection/domain/record/memory/memory.go:44.58,48.2 1 1
github.com/rodrwan/collection/domain/record/memory/memory.go:50.70,54.33 3 1
github.com/rodrwan/collection/domain/record/memory/memory.go:60.2,60.50 1 1
github.com/rodrwan/collection/domain/record/memory/memory.go:54.33,55.19 1 1
github.com/rodrwan/collection/domain/record/memory/memory.go:55.19,57.4 1 1
github.com/rodrwan/collection/domain/record/memory/memory.go:63.56,71.2 5 1
github.com/rodrwan/collection/domain/record/memory/memory.go:73.68,79.31 4 1
github.com/rodrwan/collection/domain/record/memory/memory.go:83.2,83.16 1 1
github.com/rodrwan/collection/domain/record/memory/memory.go:79.31,81.3 1 1
github.com/rodrwan/collection/domain/record/memory/memory.go:86.60,87.23 1 0
github.com/rodrwan/collection/domain/record/memory/memory.go:90.71,92.2 1 0
github.com/rodrwan/collection/services/services.go:43.59,44.43 1 1
github.com/rodrwan/collection/services/services.go:44.43,47.17 3 1
github.com/rodrwan/collection/services/services.go:52.3,53.13 2 1
github.com/rodrwan/collection/services/services.go:47.17,50.4 2 0
github.com/rodrwan/collection/services/services.go:58.112,59.43 1 1
github.com/rodrwan/collection/services/services.go:59.43,61.17 2 1
github.com/rodrwan/collection/services/services.go:66.3,67.13 2 1
github.com/rodrwan/collection/services/services.go:61.17,64.4 2 0
github.com/rodrwan/collection/services/services.go:72.57,73.43 1 1
github.com/rodrwan/collection/services/services.go:73.43,76.17 3 1
github.com/rodrwan/collection/services/services.go:81.3,82.13 2 1
github.com/rodrwan/collection/services/services.go:76.17,79.4 2 0
github.com/rodrwan/collection/services/services.go:87.82,88.43 1 1
github.com/rodrwan/collection/services/services.go:88.43,95.3 2 1
github.com/rodrwan/collection/services/services.go:98.42,99.43 1 1
github.com/rodrwan/collection/services/services.go:99.43,101.3 1 1
github.com/rodrwan/collection/services/services.go:118.88,121.27 2 1
github.com/rodrwan/collection/services/services.go:128.2,128.16 1 1
github.com/rodrwan/collection/services/services.go:121.27,123.17 2 1
github.com/rodrwan/collection/services/services.go:123.17,125.4 1 1
github.com/rodrwan/collection/services/services.go:132.109,134.16 2 1
github.com/rodrwan/collection/services/services.go:138.2,138.14 1 1
github.com/rodrwan/collection/services/services.go:153.2,153.54 1 1
github.com/rodrwan/collection/services/services.go:134.16,136.3 1 1
github.com/rodrwan/collection/services/services.go:139.15,140.45 1 1
github.com/rodrwan/collection/services/services.go:144.3,144.29 1 1
github.com/rodrwan/collection/services/services.go:145.13,146.45 1 1
github.com/rodrwan/collection/services/services.go:150.3,150.29 1 1
github.com/rodrwan/collection/services/services.go:140.45,142.4 1 1
github.com/rodrwan/collection/services/services.go:146.45,148.4 1 1
github.com/rodrwan/collection/services/services.go:157.81,160.16 3 1
github.com/rodrwan/collection/services/services.go:164.2,164.28 1 1
github.com/rodrwan/collection/services/services.go:160.16,162.3 1 1
github.com/rodrwan/collection/services/services.go:168.102,170.16 2 1
github.com/rodrwan/collection/services/services.go:174.2,174.47 1 1
github.com/rodrwan/collection/services/services.go:170.16,172.3 1 0
github.com/rodrwan/collection/services/services.go:178.77,180.16 2 1
github.com/rodrwan/collection/services/services.go:184.2,184.43 1 1
github.com/rodrwan/collection/services/services.go:180.16,182.3 1 1
github.com/rodrwan/collection/pkg/server/server.go:19.79,20.30 1 1
github.com/rodrwan/collection/pkg/server/server.go:24.2,26.8 1 1
github.com/rodrwan/collection/pkg/server/server.go:20.30,22.3 1 1
github.com/rodrwan/collection/pkg/server/server.go:29.52,35.46 2 1
github.com/rodrwan/collection/pkg/server/server.go:42.2,44.16 3 1
github.com/rodrwan/collection/pkg/server/server.go:51.2,54.4 1 1
github.com/rodrwan/collection/pkg/server/server.go:35.46,40.3 1 1
github.com/rodrwan/collection/pkg/server/server.go:44.16,49.3 1 1
github.com/rodrwan/collection/pkg/server/server.go:57.50,59.16 2 1
github.com/rodrwan/collection/pkg/server/server.go:63.2,66.4 1 1
github.com/rodrwan/collection/pkg/server/server.go:59.16,61.3 1 1
github.com/rodrwan/collection/pkg/server/server.go:69.53,73.16 3 1
github.com/rodrwan/collection/pkg/server/server.go:77.2,80.4 1 1
github.com/rodrwan/collection/pkg/server/server.go:73.16,75.3 1 1
github.com/rodrwan/collection/pkg/server/server.go:83.59,87.16 3 1
github.com/rodrwan/collection/pkg/server/server.go:91.2,96.46 2 1
github.com/rodrwan/collection/pkg/server/server.go:100.2,100.109 1 1
github.com/rodrwan/collection/pkg/server/server.go:104.2,107.4 1 1
github.com/rodrwan/collection/pkg/server/server.go:87.16,89.3 1 1
github.com/rodrwan/collection/pkg/server/server.go:96.46,98.3 1 1
github.com/rodrwan/collection/pkg/server/server.go:100.109,102.3 1 0
